Microsoft (R) Windows (R) Resource Compiler Version 10.0.10011.16384
Copyright (C) Microsoft Corporation.  All rights reserved.

curlhelp.cpp
finfo.cpp
frame.cpp
locale.cpp
x64
Compiling in English
main.cpp
trayicon.cpp
x64
Compiling in English
x64
Compiling in English
x64
d:\root\cygwin\toolchains\tbb\include\tbb\tbb_stddef.h(249): error C2059: syntax error: 'string' (compiling source file frame.cpp)
D:\root\cygwin\toolchains\boost\boost/core/enable_if.hpp(26): error C4430: missing type specifier - int assumed. Note: C++ does not support default-int (compiling source file trayicon.cpp)
Compiling in English
d:\root\cygwin\toolchains\tbb\include\tbb\tbb_stddef.h(250): error C4430: missing type specifier - int assumed. Note: C++ does not support default-int (compiling source file frame.cpp)
D:\root\cygwin\toolchains\boost\boost/core/enable_if.hpp(26): error C2059: syntax error: 'string' (compiling source file trayicon.cpp)
d:\root\cygwin\toolchains\tbb\include\tbb\tbb_stddef.h(251): error C2062: type 'char' unexpected (compiling source file frame.cpp)
D:\root\cygwin\toolchains\boost\boost/core/enable_if.hpp(28): error C2143: syntax error: missing ';' before '{' (compiling source file trayicon.cpp)
d:\root\cygwin\toolchains\tbb\include\tbb\tbb_stddef.h(253): error C2988: unrecognizable template declaration/definition (compiling source file frame.cpp)
D:\root\cygwin\toolchains\boost\boost/core/enable_if.hpp(28): error C2447: '{': missing function header (old-style formal list?) (compiling source file trayicon.cpp)
d:\root\cygwin\toolchains\tbb\include\tbb\tbb_stddef.h(253): error C2143: syntax error: missing ';' before '<' (compiling source file frame.cpp)
d:\root\cygwin\toolchains\tbb\include\tbb\tbb_stddef.h(253): error C2059: syntax error: '<' (compiling source file frame.cpp)
D:\root\cygwin\toolchains\boost\boost/type_traits/integral_constant.hpp(74): error C2655: 'boost::integral_constant<T,val>::value': definition or redeclaration illegal in current scope (compiling source file trayicon.cpp)d:\root\cygwin\toolchains\tbb\include\tbb\tbb_stddef.h(249): error C2059: syntax error: 'string' (compiling source file main.cpp)

D:\root\cygwin\toolchains\boost\boost/type_traits/integral_constant.hpp(57): note: see declaration of 'boost::integral_constant<T,val>::value' (compiling source file trayicon.cpp)d:\root\cygwin\toolchains\tbb\include\tbb\tbb_stddef.h(253): error C4430: missing type specifier - int assumed. Note: C++ does not support default-int (compiling source file frame.cpp)

d:\root\cygwin\toolchains\tbb\include\tbb\tbb_stddef.h(250): error C4430: missing type specifier - int assumed. Note: C++ does not support default-int (compiling source file main.cpp)
d:\root\cygwin\toolchains\tbb\include\tbb\tbb_stddef.h(257): error C2977: 'tbb::padded_base': too many template arguments (compiling source file frame.cpp)d:\root\cygwin\toolchains\tbb\include\tbb\tbb_stddef.h(251): error C2062: type 'char' unexpected (compiling source file main.cpp)D:\root\cygwin\toolchains\boost\boost/type_traits/integral_constant.hpp(99): error C2655: 'boost::integral_constant<bool,val>::value': definition or redeclaration illegal in current scope (compiling source file trayicon.cpp)


d:\root\cygwin\toolchains\tbb\include\tbb\tbb_stddef.h(253): note: see declaration of 'tbb::padded_base' (compiling source file frame.cpp)d:\root\cygwin\toolchains\tbb\include\tbb\tbb_stddef.h(253): error C2988: unrecognizable template declaration/definition (compiling source file main.cpp)

d:\root\cygwin\toolchains\tbb\include\tbb\tbb_stddef.h(257): note: see reference to class template instantiation 'tbb::padded<T,S>' being compiled (compiling source file frame.cpp)D:\root\cygwin\toolchains\boost\boost/type_traits/integral_constant.hpp(82): note: see declaration of 'boost::integral_constant<bool,val>::value' (compiling source file trayicon.cpp)
d:\root\cygwin\toolchains\tbb\include\tbb\tbb_stddef.h(253): error C2143: syntax error: missing ';' before '<' (compiling source file main.cpp)
d:\root\cygwin\toolchains\tbb\include\tbb\tbb_stddef.h(253): error C2059: syntax error: '<' (compiling source file main.cpp)

d:\root\cygwin\toolchains\tbb\include\tbb\tbb_stddef.h(253): error C4430: missing type specifier - int assumed. Note: C++ does not support default-int (compiling source file main.cpp)d:\root\cygwin\toolchains\tbb\include\tbb\tbb_stddef.h(257): error C2955: 'tbb::padded_base': use of class template requires template argument list (compiling source file frame.cpp)

d:\root\cygwin\toolchains\tbb\include\tbb\tbb_stddef.h(253): note: see declaration of 'tbb::padded_base' (compiling source file frame.cpp)d:\root\cygwin\toolchains\tbb\include\tbb\tbb_stddef.h(257): error C2977: 'tbb::padded_base': too many template arguments (compiling source file main.cpp)

d:\root\cygwin\toolchains\tbb\include\tbb\tbb_stddef.h(401): error C2653: 'internal': is not a class or namespace name (compiling source file frame.cpp)d:\root\cygwin\toolchains\tbb\include\tbb\tbb_stddef.h(253): note: see declaration of 'tbb::padded_base' (compiling source file main.cpp)

d:\root\cygwin\toolchains\tbb\include\tbb\tbb_stddef.h(401): error C2504: 'no_assign': base class undefined (compiling source file frame.cpp)
d:\root\cygwin\toolchains\tbb\include\tbb\tbb_stddef.h(257): note: see reference to class template instantiation 'tbb::padded<T,S>' being compiled (compiling source file main.cpp)
d:\root\cygwin\toolchains\tbb\include\tbb\tbb_stddef.h(421): error C2059: syntax error: '}' (compiling source file frame.cpp)
d:\root\cygwin\toolchains\tbb\include\tbb\tbb_stddef.h(421): error C2143: syntax error: missing ';' before '}' (compiling source file frame.cpp)
d:\root\cygwin\toolchains\tbb\include\tbb\tbb_stddef.h(434): error C2143: syntax error: missing ';' before '{' (compiling source file frame.cpp)d:\root\cygwin\toolchains\tbb\include\tbb\tbb_stddef.h(257): error C2955: 'tbb::padded_base': use of class template requires template argument list (compiling source file main.cpp)

D:\root\cygwin\toolchains\boost\boost/type_traits/detail/is_function_ptr_tester.hpp(46): error C2332: 'class': missing tag name (compiling source file trayicon.cpp)d:\root\cygwin\toolchains\tbb\include\tbb\tbb_stddef.h(253): note: see declaration of 'tbb::padded_base' (compiling source file main.cpp)

d:\root\cygwin\toolchains\tbb\include\tbb\tbb_stddef.h(434): error C2447: '{': missing function header (old-style formal list?) (compiling source file frame.cpp)
D:\root\cygwin\toolchains\boost\boost/type_traits/detail/is_function_ptr_tester.hpp(46): error C2993: '': illegal type for non-type template parameter '__formal' (compiling source file trayicon.cpp)
d:\root\cygwin\toolchains\tbb\include\tbb\tbb_stddef.h(401): error C2653: 'internal': is not a class or namespace name (compiling source file main.cpp)
d:\root\cygwin\toolchains\tbb\include\tbb\tbb_allocator.h(64): error C2143: syntax error: missing ';' before '<' (compiling source file frame.cpp)
d:\root\cygwin\toolchains\tbb\include\tbb\tbb_allocator.h(123): note: see reference to class template instantiation 'tbb::tbb_allocator<T>' being compiled (compiling source file frame.cpp)
D:\root\cygwin\toolchains\boost\boost/type_traits/detail/is_function_ptr_tester.hpp(46): error C2059: syntax error: 'string' (compiling source file trayicon.cpp)
d:\root\cygwin\toolchains\tbb\include\tbb\tbb_stddef.h(401): error C2504: 'no_assign': base class undefined (compiling source file main.cpp)
d:\root\cygwin\toolchains\tbb\include\tbb\tbb_allocator.h(64): error C4430: missing type specifier - int assumed. Note: C++ does not support default-int (compiling source file frame.cpp)
D:\root\cygwin\toolchains\boost\boost/type_traits/detail/is_function_ptr_tester.hpp(48): error C2332: 'class': missing tag name (compiling source file trayicon.cpp)
d:\root\cygwin\toolchains\tbb\include\tbb\tbb_stddef.h(421): error C2059: syntax error: '}' (compiling source file main.cpp)
d:\root\cygwin\toolchains\tbb\include\tbb\tbb_allocator.h(64): error C2238: unexpected token(s) preceding ';' (compiling source file frame.cpp)
D:\root\cygwin\toolchains\boost\boost/type_traits/detail/is_function_ptr_tester.hpp(48): error C2993: '': illegal type for non-type template parameter '__formal' (compiling source file trayicon.cpp)
d:\root\cygwin\toolchains\tbb\include\tbb\tbb_stddef.h(421): error C2143: syntax error: missing ';' before '}' (compiling source file main.cpp)
d:\root\cygwin\toolchains\tbb\include\tbb\tbb_allocator.h(65): error C2143: syntax error: missing ';' before '*' (compiling source file frame.cpp)
D:\root\cygwin\toolchains\boost\boost/type_traits/detail/is_function_ptr_tester.hpp(48): error C2059: syntax error: 'string' (compiling source file trayicon.cpp)
d:\root\cygwin\toolchains\tbb\include\tbb\tbb_allocator.h(65): error C4430: missing type specifier - int assumed. Note: C++ does not support default-int (compiling source file frame.cpp)
D:\root\cygwin\toolchains\boost\boost/type_traits/detail/is_function_ptr_tester.hpp(51): error C2332: 'class': missing tag name (compiling source file trayicon.cpp)
d:\root\cygwin\toolchains\tbb\include\tbb\tbb_stddef.h(434): error C2143: syntax error: missing ';' before '{' (compiling source file main.cpp)
d:\root\cygwin\toolchains\tbb\include\tbb\tbb_allocator.h(65): error C2238: unexpected token(s) preceding ';' (compiling source file frame.cpp)
D:\root\cygwin\toolchains\boost\boost/type_traits/detail/is_function_ptr_tester.hpp(51): error C2993: '': illegal type for non-type template parameter '__formal' (compiling source file trayicon.cpp)
d:\root\cygwin\toolchains\tbb\include\tbb\tbb_stddef.h(434): error C2447: '{': missing function header (old-style formal list?) (compiling source file main.cpp)
d:\root\cygwin\toolchains\tbb\include\tbb\tbb_allocator.h(85): error C3646: 'address': unknown override specifier (compiling source file frame.cpp)
D:\root\cygwin\toolchains\boost\boost/type_traits/detail/is_function_ptr_tester.hpp(51): error C2059: syntax error: 'string' (compiling source file trayicon.cpp)
d:\root\cygwin\toolchains\tbb\include\tbb\tbb_allocator.h(85): error C2059: syntax error: '(' (compiling source file frame.cpp)
D:\root\cygwin\toolchains\boost\boost/type_traits/detail/is_function_ptr_tester.hpp(54): error C2332: 'class': missing tag name (compiling source file trayicon.cpp)
d:\root\cygwin\toolchains\tbb\include\tbb\tbb_allocator.h(85): error C2334: unexpected token(s) preceding '{'; skipping apparent function body (compiling source file frame.cpp)
D:\root\cygwin\toolchains\boost\boost/type_traits/detail/is_function_ptr_tester.hpp(54): error C2993: '': illegal type for non-type template parameter '__formal' (compiling source file trayicon.cpp)
d:\root\cygwin\toolchains\tbb\include\tbb\tbb_allocator.h(89): error C3646: 'allocate': unknown override specifier (compiling source file frame.cpp)
D:\root\cygwin\toolchains\boost\boost/type_traits/detail/is_function_ptr_tester.hpp(54): error C2059: syntax error: 'string' (compiling source file trayicon.cpp)
d:\root\cygwin\toolchains\tbb\include\tbb\tbb_allocator.h(89): error C2059: syntax error: '(' (compiling source file frame.cpp)
D:\root\cygwin\toolchains\boost\boost/type_traits/detail/is_function_ptr_tester.hpp(57): error C2332: 'class': missing tag name (compiling source file trayicon.cpp)
d:\root\cygwin\toolchains\tbb\include\tbb\tbb_allocator.h(64): error C2143: syntax error: missing ';' before '<' (compiling source file main.cpp)
d:\root\cygwin\toolchains\tbb\include\tbb\tbb_allocator.h(123): note: see reference to class template instantiation 'tbb::tbb_allocator<T>' being compiled (compiling source file main.cpp)
d:\root\cygwin\toolchains\tbb\include\tbb\tbb_allocator.h(89): error C2334: unexpected token(s) preceding '{'; skipping apparent function body (compiling source file frame.cpp)
D:\root\cygwin\toolchains\boost\boost/type_traits/detail/is_function_ptr_tester.hpp(57): error C2993: '': illegal type for non-type template parameter '__formal' (compiling source file trayicon.cpp)
d:\root\cygwin\toolchains\tbb\include\tbb\tbb_allocator.h(64): error C4430: missing type specifier - int assumed. Note: C++ does not support default-int (compiling source file main.cpp)
d:\root\cygwin\toolchains\tbb\include\tbb\tbb_allocator.h(94): error C2061: syntax error: identifier 'pointer' (compiling source file frame.cpp)
D:\root\cygwin\toolchains\boost\boost/type_traits/detail/is_function_ptr_tester.hpp(57): error C2059: syntax error: 'string' (compiling source file trayicon.cpp)
d:\root\cygwin\toolchains\tbb\include\tbb\tbb_allocator.h(64): error C2238: unexpected token(s) preceding ';' (compiling source file main.cpp)
d:\root\cygwin\toolchains\tbb\include\tbb\tbb_allocator.h(117): error C2061: syntax error: identifier 'pointer' (compiling source file frame.cpp)
D:\root\cygwin\toolchains\boost\boost/type_traits/detail/is_function_ptr_tester.hpp(60): error C2332: 'class': missing tag name (compiling source file trayicon.cpp)
d:\root\cygwin\toolchains\tbb\include\tbb\tbb_allocator.h(65): error C2143: syntax error: missing ';' before '*' (compiling source file main.cpp)
d:\root\cygwin\toolchains\tbb\include\tbb\tbb_allocator.h(120): error C2365: 'tbb::tbb_allocator<T>::allocator_type': redefinition; previous definition was 'typedef' (compiling source file frame.cpp)D:\root\cygwin\toolchains\boost\boost/type_traits/detail/is_function_ptr_tester.hpp(60): error C2993: '': illegal type for non-type template parameter '__formal' (compiling source file trayicon.cpp)

d:\root\cygwin\toolchains\tbb\include\tbb\tbb_allocator.h(64): note: see declaration of 'tbb::tbb_allocator<T>::allocator_type' (compiling source file frame.cpp)d:\root\cygwin\toolchains\tbb\include\tbb\tbb_allocator.h(65): error C4430: missing type specifier - int assumed. Note: C++ does not support default-int (compiling source file main.cpp)

D:\root\cygwin\toolchains\boost\boost/type_traits/detail/is_function_ptr_tester.hpp(60): error C2059: syntax error: 'string' (compiling source file trayicon.cpp)
d:\root\cygwin\toolchains\tbb\include\tbb\tbb_allocator.h(121): error C2059: syntax error: 'return' (compiling source file frame.cpp)
d:\root\cygwin\toolchains\tbb\include\tbb\tbb_allocator.h(65): error C2238: unexpected token(s) preceding ';' (compiling source file main.cpp)
D:\root\cygwin\toolchains\boost\boost/type_traits/detail/is_function_ptr_tester.hpp(62): error C2332: 'class': missing tag name (compiling source file trayicon.cpp)
d:\root\cygwin\toolchains\tbb\include\tbb\tbb_allocator.h(121): error C2334: unexpected token(s) preceding ':'; skipping apparent function body (compiling source file frame.cpp)
d:\root\cygwin\toolchains\tbb\include\tbb\tbb_allocator.h(85): error C3646: 'address': unknown override specifier (compiling source file main.cpp)
D:\root\cygwin\toolchains\boost\boost/type_traits/detail/is_function_ptr_tester.hpp(62): error C2993: '': illegal type for non-type template parameter '__formal' (compiling source file trayicon.cpp)
d:\root\cygwin\toolchains\tbb\include\tbb\tbb_allocator.h(85): error C2059: syntax error: '(' (compiling source file main.cpp)
D:\root\cygwin\toolchains\boost\boost/type_traits/detail/is_function_ptr_tester.hpp(62): error C2059: syntax error: 'string' (compiling source file trayicon.cpp)
d:\root\cygwin\toolchains\tbb\include\tbb\tbb_allocator.h(85): error C2334: unexpected token(s) preceding '{'; skipping apparent function body (compiling source file main.cpp)
D:\root\cygwin\toolchains\boost\boost/type_traits/detail/is_function_ptr_tester.hpp(65): error C2332: 'class': missing tag name (compiling source file trayicon.cpp)
d:\root\cygwin\toolchains\tbb\include\tbb\tbb_allocator.h(89): error C3646: 'allocate': unknown override specifier (compiling source file main.cpp)
D:\root\cygwin\toolchains\boost\boost/type_traits/detail/is_function_ptr_tester.hpp(65): error C2993: '': illegal type for non-type template parameter '__formal' (compiling source file trayicon.cpp)
d:\root\cygwin\toolchains\tbb\include\tbb\tbb_allocator.h(89): error C2059: syntax error: '(' (compiling source file main.cpp)
D:\root\cygwin\toolchains\boost\boost/type_traits/detail/is_function_ptr_tester.hpp(65): error C2059: syntax error: 'string' (compiling source file trayicon.cpp)
d:\root\cygwin\toolchains\tbb\include\tbb\tbb_allocator.h(89): error C2334: unexpected token(s) preceding '{'; skipping apparent function body (compiling source file main.cpp)
D:\root\cygwin\toolchains\boost\boost/type_traits/detail/is_function_ptr_tester.hpp(68): error C2332: 'class': missing tag name (compiling source file trayicon.cpp)
d:\root\cygwin\toolchains\tbb\include\tbb\tbb_allocator.h(94): error C2061: syntax error: identifier 'pointer' (compiling source file main.cpp)
D:\root\cygwin\toolchains\boost\boost/type_traits/detail/is_function_ptr_tester.hpp(68): error C2993: '': illegal type for non-type template parameter '__formal' (compiling source file trayicon.cpp)
d:\root\cygwin\toolchains\tbb\include\tbb\tbb_allocator.h(117): error C2061: syntax error: identifier 'pointer' (compiling source file main.cpp)
D:\root\cygwin\toolchains\boost\boost/type_traits/detail/is_function_ptr_tester.hpp(68): error C2059: syntax error: 'string' (compiling source file trayicon.cpp)
d:\root\cygwin\toolchains\tbb\include\tbb\tbb_allocator.h(120): error C2365: 'tbb::tbb_allocator<T>::allocator_type': redefinition; previous definition was 'typedef' (compiling source file main.cpp)D:\root\cygwin\toolchains\boost\boost/type_traits/detail/is_function_ptr_tester.hpp(71): error C2332: 'class': missing tag name (compiling source file trayicon.cpp)

d:\root\cygwin\toolchains\tbb\include\tbb\tbb_allocator.h(64): note: see declaration of 'tbb::tbb_allocator<T>::allocator_type' (compiling source file main.cpp)
D:\root\cygwin\toolchains\boost\boost/type_traits/detail/is_function_ptr_tester.hpp(71): error C2993: '': illegal type for non-type template parameter '__formal' (compiling source file trayicon.cpp)
d:\root\cygwin\toolchains\tbb\include\tbb\tbb_allocator.h(121): error C2059: syntax error: 'return' (compiling source file main.cpp)
D:\root\cygwin\toolchains\boost\boost/type_traits/detail/is_function_ptr_tester.hpp(71): error C2059: syntax error: 'string' (compiling source file trayicon.cpp)
d:\root\cygwin\toolchains\tbb\include\tbb\tbb_allocator.h(121): error C2334: unexpected token(s) preceding ':'; skipping apparent function body (compiling source file main.cpp)
D:\root\cygwin\toolchains\boost\boost/type_traits/detail/is_function_ptr_tester.hpp(74): error C2332: 'class': missing tag name (compiling source file trayicon.cpp)
D:\root\cygwin\toolchains\boost\boost/type_traits/detail/is_function_ptr_tester.hpp(74): error C2993: '': illegal type for non-type template parameter '__formal' (compiling source file trayicon.cpp)
D:\root\cygwin\toolchains\boost\boost/type_traits/detail/is_function_ptr_tester.hpp(74): error C2059: syntax error: 'string' (compiling source file trayicon.cpp)
D:\root\cygwin\toolchains\boost\boost/type_traits/detail/is_function_ptr_tester.hpp(76): error C2332: 'class': missing tag name (compiling source file trayicon.cpp)
D:\root\cygwin\toolchains\boost\boost/type_traits/detail/is_function_ptr_tester.hpp(76): error C2993: '': illegal type for non-type template parameter '__formal' (compiling source file trayicon.cpp)
D:\root\cygwin\toolchains\boost\boost/type_traits/detail/is_function_ptr_tester.hpp(76): error C2059: syntax error: 'string' (compiling source file trayicon.cpp)
D:\root\cygwin\toolchains\boost\boost/type_traits/detail/is_function_ptr_tester.hpp(79): error C2332: 'class': missing tag name (compiling source file trayicon.cpp)
D:\root\cygwin\toolchains\boost\boost/type_traits/detail/is_function_ptr_tester.hpp(79): error C2993: '': illegal type for non-type template parameter '__formal' (compiling source file trayicon.cpp)
D:\root\cygwin\toolchains\boost\boost/type_traits/detail/is_function_ptr_tester.hpp(79): error C2059: syntax error: 'string' (compiling source file trayicon.cpp)
D:\root\cygwin\toolchains\boost\boost/type_traits/detail/is_function_ptr_tester.hpp(82): error C2332: 'class': missing tag name (compiling source file trayicon.cpp)
D:\root\cygwin\toolchains\boost\boost/type_traits/detail/is_function_ptr_tester.hpp(82): error C2993: '': illegal type for non-type template parameter '__formal' (compiling source file trayicon.cpp)
D:\root\cygwin\toolchains\boost\boost/type_traits/detail/is_function_ptr_tester.hpp(82): error C2059: syntax error: 'string' (compiling source file trayicon.cpp)
D:\root\cygwin\toolchains\boost\boost/type_traits/detail/is_function_ptr_tester.hpp(85): error C2332: 'class': missing tag name (compiling source file trayicon.cpp)
D:\root\cygwin\toolchains\boost\boost/type_traits/detail/is_function_ptr_tester.hpp(85): error C2993: '': illegal type for non-type template parameter '__formal' (compiling source file trayicon.cpp)
D:\root\cygwin\toolchains\boost\boost/type_traits/detail/is_function_ptr_tester.hpp(85): error C2059: syntax error: 'string' (compiling source file trayicon.cpp)
D:\root\cygwin\toolchains\boost\boost/type_traits/detail/is_function_ptr_tester.hpp(88): error C2332: 'class': missing tag name (compiling source file trayicon.cpp)
D:\root\cygwin\toolchains\boost\boost/type_traits/detail/is_function_ptr_tester.hpp(88): error C2993: '': illegal type for non-type template parameter '__formal' (compiling source file trayicon.cpp)
D:\root\cygwin\toolchains\boost\boost/type_traits/detail/is_function_ptr_tester.hpp(88): error C2059: syntax error: 'string' (compiling source file trayicon.cpp)
D:\root\cygwin\toolchains\boost\boost/type_traits/detail/is_function_ptr_tester.hpp(90): error C2332: 'class': missing tag name (compiling source file trayicon.cpp)
D:\root\cygwin\toolchains\boost\boost/type_traits/detail/is_function_ptr_tester.hpp(90): error C2993: '': illegal type for non-type template parameter '__formal' (compiling source file trayicon.cpp)
D:\root\cygwin\toolchains\boost\boost/type_traits/detail/is_function_ptr_tester.hpp(90): error C2059: syntax error: 'string' (compiling source file trayicon.cpp)
D:\root\cygwin\toolchains\boost\boost/type_traits/detail/is_function_ptr_tester.hpp(93): error C2332: 'class': missing tag name (compiling source file trayicon.cpp)
D:\root\cygwin\toolchains\boost\boost/type_traits/detail/is_function_ptr_tester.hpp(93): error C2993: '': illegal type for non-type template parameter '__formal' (compiling source file trayicon.cpp)
D:\root\cygwin\toolchains\boost\boost/type_traits/detail/is_function_ptr_tester.hpp(93): error C2059: syntax error: 'string' (compiling source file trayicon.cpp)
D:\root\cygwin\toolchains\boost\boost/type_traits/detail/is_function_ptr_tester.hpp(96): error C2332: 'class': missing tag name (compiling source file trayicon.cpp)
D:\root\cygwin\toolchains\boost\boost/type_traits/detail/is_function_ptr_tester.hpp(96): error C2993: '': illegal type for non-type template parameter '__formal' (compiling source file trayicon.cpp)
D:\root\cygwin\toolchains\boost\boost/type_traits/detail/is_function_ptr_tester.hpp(96): error C2059: syntax error: 'string' (compiling source file trayicon.cpp)
D:\root\cygwin\toolchains\boost\boost/type_traits/detail/is_function_ptr_tester.hpp(99): error C2332: 'class': missing tag name (compiling source file trayicon.cpp)
D:\root\cygwin\toolchains\boost\boost/type_traits/detail/is_function_ptr_tester.hpp(99): error C2993: '': illegal type for non-type template parameter '__formal' (compiling source file trayicon.cpp)
D:\root\cygwin\toolchains\boost\boost/type_traits/detail/is_function_ptr_tester.hpp(99): error C2059: syntax error: 'string' (compiling source file trayicon.cpp)
D:\root\cygwin\toolchains\boost\boost/type_traits/detail/is_function_ptr_tester.hpp(102): error C2332: 'class': missing tag name (compiling source file trayicon.cpp)
D:\root\cygwin\toolchains\boost\boost/type_traits/detail/is_function_ptr_tester.hpp(102): error C2993: '': illegal type for non-type template parameter '__formal' (compiling source file trayicon.cpp)
D:\root\cygwin\toolchains\boost\boost/type_traits/detail/is_function_ptr_tester.hpp(102): error C2059: syntax error: 'string' (compiling source file trayicon.cpp)
D:\root\cygwin\toolchains\boost\boost/type_traits/detail/is_function_ptr_tester.hpp(104): error C2332: 'class': missing tag name (compiling source file trayicon.cpp)
D:\root\cygwin\toolchains\boost\boost/type_traits/detail/is_function_ptr_tester.hpp(104): error C2993: '': illegal type for non-type template parameter '__formal' (compiling source file trayicon.cpp)
D:\root\cygwin\toolchains\boost\boost/type_traits/detail/is_function_ptr_tester.hpp(104): error C2059: syntax error: 'string' (compiling source file trayicon.cpp)
D:\root\cygwin\toolchains\boost\boost/type_traits/detail/is_function_ptr_tester.hpp(107): error C2332: 'class': missing tag name (compiling source file trayicon.cpp)
D:\root\cygwin\toolchains\boost\boost/type_traits/detail/is_function_ptr_tester.hpp(107): error C2993: '': illegal type for non-type template parameter '__formal' (compiling source file trayicon.cpp)
D:\root\cygwin\toolchains\boost\boost/type_traits/detail/is_function_ptr_tester.hpp(107): error C2059: syntax error: 'string' (compiling source file trayicon.cpp)
D:\root\cygwin\toolchains\boost\boost/type_traits/detail/is_function_ptr_tester.hpp(110): error C2332: 'class': missing tag name (compiling source file trayicon.cpp)
D:\root\cygwin\toolchains\boost\boost/type_traits/detail/is_function_ptr_tester.hpp(110): error C2993: '': illegal type for non-type template parameter '__formal' (compiling source file trayicon.cpp)
D:\root\cygwin\toolchains\boost\boost/type_traits/detail/is_function_ptr_tester.hpp(110): error C2059: syntax error: 'string' (compiling source file trayicon.cpp)
D:\root\cygwin\toolchains\boost\boost/type_traits/detail/is_function_ptr_tester.hpp(113): error C2332: 'class': missing tag name (compiling source file trayicon.cpp)
D:\root\cygwin\toolchains\boost\boost/type_traits/detail/is_function_ptr_tester.hpp(113): error C2993: '': illegal type for non-type template parameter '__formal' (compiling source file trayicon.cpp)
D:\root\cygwin\toolchains\boost\boost/type_traits/detail/is_function_ptr_tester.hpp(113): error C2059: syntax error: 'string' (compiling source file trayicon.cpp)
D:\root\cygwin\toolchains\boost\boost/type_traits/detail/is_function_ptr_tester.hpp(116): error C2332: 'class': missing tag name (compiling source file trayicon.cpp)
D:\root\cygwin\toolchains\boost\boost/type_traits/detail/is_function_ptr_tester.hpp(116): error C2993: '': illegal type for non-type template parameter '__formal' (compiling source file trayicon.cpp)
D:\root\cygwin\toolchains\boost\boost/type_traits/detail/is_function_ptr_tester.hpp(116): error C2059: syntax error: 'string' (compiling source file trayicon.cpp)
D:\root\cygwin\toolchains\boost\boost/type_traits/detail/is_function_ptr_tester.hpp(118): error C2332: 'class': missing tag name (compiling source file trayicon.cpp)
D:\root\cygwin\toolchains\boost\boost/type_traits/detail/is_function_ptr_tester.hpp(118): error C2993: '': illegal type for non-type template parameter '__formal' (compiling source file trayicon.cpp)
D:\root\cygwin\toolchains\boost\boost/type_traits/detail/is_function_ptr_tester.hpp(118): error C2059: syntax error: 'string' (compiling source file trayicon.cpp)
D:\root\cygwin\toolchains\boost\boost/type_traits/detail/is_function_ptr_tester.hpp(121): error C2332: 'class': missing tag name (compiling source file trayicon.cpp)
D:\root\cygwin\toolchains\boost\boost/type_traits/detail/is_function_ptr_tester.hpp(121): error C2993: '': illegal type for non-type template parameter '__formal' (compiling source file trayicon.cpp)
D:\root\cygwin\toolchains\boost\boost/type_traits/detail/is_function_ptr_tester.hpp(121): error C2059: syntax error: 'string' (compiling source file trayicon.cpp)
D:\root\cygwin\toolchains\boost\boost/type_traits/detail/is_function_ptr_tester.hpp(124): error C2332: 'class': missing tag name (compiling source file trayicon.cpp)
D:\root\cygwin\toolchains\boost\boost/type_traits/detail/is_function_ptr_tester.hpp(124): error C2993: '': illegal type for non-type template parameter '__formal' (compiling source file trayicon.cpp)
D:\root\cygwin\toolchains\boost\boost/type_traits/detail/is_function_ptr_tester.hpp(124): error C2059: syntax error: 'string' (compiling source file trayicon.cpp)
D:\root\cygwin\toolchains\boost\boost/type_traits/detail/is_function_ptr_tester.hpp(127): error C2332: 'class': missing tag name (compiling source file trayicon.cpp)
D:\root\cygwin\toolchains\boost\boost/type_traits/detail/is_function_ptr_tester.hpp(127): error C2993: '': illegal type for non-type template parameter '__formal' (compiling source file trayicon.cpp)
D:\root\cygwin\toolchains\boost\boost/type_traits/detail/is_function_ptr_tester.hpp(127): error C2059: syntax error: 'string' (compiling source file trayicon.cpp)
D:\root\cygwin\toolchains\boost\boost/type_traits/detail/is_function_ptr_tester.hpp(130): error C2332: 'class': missing tag name (compiling source file trayicon.cpp)
D:\root\cygwin\toolchains\boost\boost/type_traits/detail/is_function_ptr_tester.hpp(130): error C2993: '': illegal type for non-type template parameter '__formal' (compiling source file trayicon.cpp)
D:\root\cygwin\toolchains\boost\boost/type_traits/detail/is_function_ptr_tester.hpp(130): error C2059: syntax error: 'string' (compiling source file trayicon.cpp)
D:\root\cygwin\toolchains\boost\boost/type_traits/detail/is_function_ptr_tester.hpp(132): error C2332: 'class': missing tag name (compiling source file trayicon.cpp)
D:\root\cygwin\toolchains\boost\boost/type_traits/detail/is_function_ptr_tester.hpp(132): error C2993: '': illegal type for non-type template parameter '__formal' (compiling source file trayicon.cpp)
D:\root\cygwin\toolchains\boost\boost/type_traits/detail/is_function_ptr_tester.hpp(132): error C2059: syntax error: 'string' (compiling source file trayicon.cpp)
D:\root\cygwin\toolchains\boost\boost/type_traits/detail/is_function_ptr_tester.hpp(132): fatal error C1003: error count exceeds 100; stopping compilation (compiling source file trayicon.cpp)
d:\root\cygwin\toolchains\tbb\include\tbb\cache_aligned_allocator.h(62): error C2143: syntax error: missing ';' before '<' (compiling source file frame.cpp)
d:\root\cygwin\toolchains\tbb\include\tbb\cache_aligned_allocator.h(110): note: see reference to class template instantiation 'tbb::cache_aligned_allocator<T>' being compiled (compiling source file frame.cpp)
d:\root\cygwin\toolchains\tbb\include\tbb\cache_aligned_allocator.h(62): error C4430: missing type specifier - int assumed. Note: C++ does not support default-int (compiling source file frame.cpp)
d:\root\cygwin\toolchains\tbb\include\tbb\cache_aligned_allocator.h(62): error C2238: unexpected token(s) preceding ';' (compiling source file frame.cpp)
d:\root\cygwin\toolchains\tbb\include\tbb\cache_aligned_allocator.h(63): error C2143: syntax error: missing ';' before '*' (compiling source file frame.cpp)
d:\root\cygwin\toolchains\tbb\include\tbb\cache_aligned_allocator.h(63): error C4430: missing type specifier - int assumed. Note: C++ does not support default-int (compiling source file frame.cpp)
d:\root\cygwin\toolchains\tbb\include\tbb\cache_aligned_allocator.h(63): error C2238: unexpected token(s) preceding ';' (compiling source file frame.cpp)
d:\root\cygwin\toolchains\tbb\include\tbb\cache_aligned_allocator.h(77): error C3646: 'address': unknown override specifier (compiling source file frame.cpp)
d:\root\cygwin\toolchains\tbb\include\tbb\cache_aligned_allocator.h(77): error C2059: syntax error: '(' (compiling source file frame.cpp)
d:\root\cygwin\toolchains\tbb\include\tbb\cache_aligned_allocator.h(77): error C2334: unexpected token(s) preceding '{'; skipping apparent function body (compiling source file frame.cpp)
d:\root\cygwin\toolchains\tbb\include\tbb\cache_aligned_allocator.h(81): error C3646: 'allocate': unknown override specifier (compiling source file frame.cpp)
d:\root\cygwin\toolchains\tbb\include\tbb\cache_aligned_allocator.h(81): error C2059: syntax error: '(' (compiling source file frame.cpp)
d:\root\cygwin\toolchains\tbb\include\tbb\cache_aligned_allocator.h(81): error C2334: unexpected token(s) preceding '{'; skipping apparent function body (compiling source file frame.cpp)
d:\root\cygwin\toolchains\tbb\include\tbb\cache_aligned_allocator.h(87): error C2061: syntax error: identifier 'pointer' (compiling source file frame.cpp)
d:\root\cygwin\toolchains\tbb\include\tbb\cache_aligned_allocator.h(109): error C2061: syntax error: identifier 'pointer' (compiling source file frame.cpp)
trevtdata.cpp
d:\root\cygwin\toolchains\tbb\include\tbb\cache_aligned_allocator.h(62): error C2143: syntax error: missing ';' before '<' (compiling source file main.cpp)
d:\root\cygwin\toolchains\tbb\include\tbb\cache_aligned_allocator.h(110): note: see reference to class template instantiation 'tbb::cache_aligned_allocator<T>' being compiled (compiling source file main.cpp)
d:\root\cygwin\toolchains\tbb\include\tbb\cache_aligned_allocator.h(62): error C4430: missing type specifier - int assumed. Note: C++ does not support default-int (compiling source file main.cpp)
d:\root\cygwin\toolchains\tbb\include\tbb\cache_aligned_allocator.h(62): error C2238: unexpected token(s) preceding ';' (compiling source file main.cpp)
d:\root\cygwin\toolchains\tbb\include\tbb\cache_aligned_allocator.h(63): error C2143: syntax error: missing ';' before '*' (compiling source file main.cpp)
d:\root\cygwin\toolchains\tbb\include\tbb\cache_aligned_allocator.h(63): error C4430: missing type specifier - int assumed. Note: C++ does not support default-int (compiling source file main.cpp)
d:\root\cygwin\toolchains\tbb\include\tbb\cache_aligned_allocator.h(63): error C2238: unexpected token(s) preceding ';' (compiling source file main.cpp)
d:\root\cygwin\toolchains\tbb\include\tbb\cache_aligned_allocator.h(77): error C3646: 'address': unknown override specifier (compiling source file main.cpp)
d:\root\cygwin\toolchains\tbb\include\tbb\cache_aligned_allocator.h(77): error C2059: syntax error: '(' (compiling source file main.cpp)
d:\root\cygwin\toolchains\tbb\include\tbb\cache_aligned_allocator.h(77): error C2334: unexpected token(s) preceding '{'; skipping apparent function body (compiling source file main.cpp)
d:\root\cygwin\toolchains\tbb\include\tbb\cache_aligned_allocator.h(81): error C3646: 'allocate': unknown override specifier (compiling source file main.cpp)
d:\root\cygwin\toolchains\tbb\include\tbb\cache_aligned_allocator.h(81): error C2059: syntax error: '(' (compiling source file main.cpp)
d:\root\cygwin\toolchains\tbb\include\tbb\cache_aligned_allocator.h(81): error C2334: unexpected token(s) preceding '{'; skipping apparent function body (compiling source file main.cpp)
d:\root\cygwin\toolchains\tbb\include\tbb\cache_aligned_allocator.h(87): error C2061: syntax error: identifier 'pointer' (compiling source file main.cpp)
d:\root\cygwin\toolchains\tbb\include\tbb\cache_aligned_allocator.h(109): error C2061: syntax error: identifier 'pointer' (compiling source file main.cpp)
D:\root\cygwin\toolchains\boost\boost/move/detail/meta_utils_core.hpp(120): error C2332: 'class': missing tag name (compiling source file frame.cpp)
D:\root\cygwin\toolchains\boost\boost/move/detail/meta_utils_core.hpp(120): error C2993: '': illegal type for non-type template parameter '__formal' (compiling source file frame.cpp)
D:\root\cygwin\toolchains\boost\boost/move/detail/meta_utils_core.hpp(120): error C2059: syntax error: 'string' (compiling source file frame.cpp)
D:\root\cygwin\toolchains\boost\boost/move/detail/meta_utils_core.hpp(121): error C2065: 'T': undeclared identifier (compiling source file frame.cpp)
D:\root\cygwin\toolchains\boost\boost/move/detail/meta_utils_core.hpp(121): error C2065: 'U': undeclared identifier (compiling source file frame.cpp)
D:\root\cygwin\toolchains\boost\boost/move/detail/meta_utils_core.hpp(121): error C2923: 'boost::move_detail::is_same': 'T' is not a valid template type argument for parameter 'T' (compiling source file frame.cpp)
D:\root\cygwin\toolchains\boost\boost/move/detail/meta_utils_core.hpp(121): error C2923: 'boost::move_detail::is_same': 'U' is not a valid template type argument for parameter 'U' (compiling source file frame.cpp)
D:\root\cygwin\toolchains\boost\boost/move/detail/meta_utils_core.hpp(121): error C3203: 'is_same': unspecialized class template can't be used as a template argument for template parameter 'Cond', expected a real type (compiling source file frame.cpp)
D:\root\cygwin\toolchains\boost\boost/move/detail/meta_utils_core.hpp(121): error C2974: 'boost::move_detail::enable_if': invalid template argument for 'T', type expected (compiling source file frame.cpp)
D:\root\cygwin\toolchains\boost\boost/move/detail/meta_utils_core.hpp(68): note: see declaration of 'boost::move_detail::enable_if' (compiling source file frame.cpp)
D:\root\cygwin\toolchains\boost\boost/move/detail/meta_utils_core.hpp(121): error C2059: syntax error: 'function-style cast' (compiling source file frame.cpp)
D:\root\cygwin\toolchains\boost\boost/move/detail/meta_utils_core.hpp(121): error C2143: syntax error: missing ';' before '{' (compiling source file frame.cpp)
D:\root\cygwin\toolchains\boost\boost/move/detail/meta_utils_core.hpp(121): error C2447: '{': missing function header (old-style formal list?) (compiling source file frame.cpp)
D:\root\cygwin\toolchains\boost\boost/move/detail/meta_utils_core.hpp(126): error C2332: 'class': missing tag name (compiling source file frame.cpp)
D:\root\cygwin\toolchains\boost\boost/move/detail/meta_utils_core.hpp(120): error C2332: 'class': missing tag name (compiling source file main.cpp)
D:\root\cygwin\toolchains\boost\boost/move/detail/meta_utils_core.hpp(126): error C2993: '': illegal type for non-type template parameter '__formal' (compiling source file frame.cpp)
D:\root\cygwin\toolchains\boost\boost/move/detail/meta_utils_core.hpp(120): error C2993: '': illegal type for non-type template parameter '__formal' (compiling source file main.cpp)
D:\root\cygwin\toolchains\boost\boost/move/detail/meta_utils_core.hpp(126): error C2059: syntax error: 'string' (compiling source file frame.cpp)
D:\root\cygwin\toolchains\boost\boost/move/detail/meta_utils_core.hpp(120): error C2059: syntax error: 'string' (compiling source file main.cpp)
D:\root\cygwin\toolchains\boost\boost/move/detail/meta_utils_core.hpp(127): error C2065: 'T': undeclared identifier (compiling source file frame.cpp)
D:\root\cygwin\toolchains\boost\boost/move/detail/meta_utils_core.hpp(121): error C2065: 'T': undeclared identifier (compiling source file main.cpp)
D:\root\cygwin\toolchains\boost\boost/move/detail/meta_utils_core.hpp(127): error C2065: 'U': undeclared identifier (compiling source file frame.cpp)
D:\root\cygwin\toolchains\boost\boost/move/detail/meta_utils_core.hpp(121): error C2065: 'U': undeclared identifier (compiling source file main.cpp)
D:\root\cygwin\toolchains\boost\boost/move/detail/meta_utils_core.hpp(127): error C2923: 'boost::move_detail::is_same': 'T' is not a valid template type argument for parameter 'T' (compiling source file frame.cpp)
D:\root\cygwin\toolchains\boost\boost/move/detail/meta_utils_core.hpp(121): error C2923: 'boost::move_detail::is_same': 'T' is not a valid template type argument for parameter 'T' (compiling source file main.cpp)
D:\root\cygwin\toolchains\boost\boost/move/detail/meta_utils_core.hpp(127): error C2923: 'boost::move_detail::is_same': 'U' is not a valid template type argument for parameter 'U' (compiling source file frame.cpp)
D:\root\cygwin\toolchains\boost\boost/move/detail/meta_utils_core.hpp(121): error C2923: 'boost::move_detail::is_same': 'U' is not a valid template type argument for parameter 'U' (compiling source file main.cpp)
D:\root\cygwin\toolchains\boost\boost/move/detail/meta_utils_core.hpp(127): error C3203: 'is_same': unspecialized class template can't be used as a template argument for template parameter 'Cond', expected a real type (compiling source file frame.cpp)
D:\root\cygwin\toolchains\boost\boost/move/detail/meta_utils_core.hpp(121): error C3203: 'is_same': unspecialized class template can't be used as a template argument for template parameter 'Cond', expected a real type (compiling source file main.cpp)
D:\root\cygwin\toolchains\boost\boost/move/detail/meta_utils_core.hpp(127): error C2974: 'boost::move_detail::disable_if': invalid template argument for 'T', type expected (compiling source file frame.cpp)D:\root\cygwin\toolchains\boost\boost/move/detail/meta_utils_core.hpp(121): error C2974: 'boost::move_detail::enable_if': invalid template argument for 'T', type expected (compiling source file main.cpp)

D:\root\cygwin\toolchains\boost\boost/move/detail/meta_utils_core.hpp(82): note: see declaration of 'boost::move_detail::disable_if' (compiling source file frame.cpp)D:\root\cygwin\toolchains\boost\boost/move/detail/meta_utils_core.hpp(68): note: see declaration of 'boost::move_detail::enable_if' (compiling source file main.cpp)

D:\root\cygwin\toolchains\boost\boost/move/detail/meta_utils_core.hpp(127): error C2059: syntax error: 'function-style cast' (compiling source file frame.cpp)
D:\root\cygwin\toolchains\boost\boost/move/detail/meta_utils_core.hpp(127): error C2143: syntax error: missing ';' before '{' (compiling source file frame.cpp)
D:\root\cygwin\toolchains\boost\boost/move/detail/meta_utils_core.hpp(127): error C2447: '{': missing function header (old-style formal list?) (compiling source file frame.cpp)
D:\root\cygwin\toolchains\boost\boost/move/detail/meta_utils_core.hpp(121): error C2059: syntax error: 'function-style cast' (compiling source file main.cpp)
D:\root\cygwin\toolchains\boost\boost/move/detail/meta_utils_core.hpp(121): error C2143: syntax error: missing ';' before '{' (compiling source file main.cpp)
D:\root\cygwin\toolchains\boost\boost/move/detail/meta_utils_core.hpp(121): error C2447: '{': missing function header (old-style formal list?) (compiling source file main.cpp)
D:\root\cygwin\toolchains\boost\boost/move/detail/meta_utils_core.hpp(126): error C2332: 'class': missing tag name (compiling source file main.cpp)
D:\root\cygwin\toolchains\boost\boost/move/detail/meta_utils_core.hpp(126): error C2993: '': illegal type for non-type template parameter '__formal' (compiling source file main.cpp)
D:\root\cygwin\toolchains\boost\boost/move/detail/meta_utils_core.hpp(126): error C2059: syntax error: 'string' (compiling source file main.cpp)
D:\root\cygwin\toolchains\boost\boost/move/detail/meta_utils_core.hpp(127): error C2065: 'T': undeclared identifier (compiling source file main.cpp)
D:\root\cygwin\toolchains\boost\boost/move/detail/meta_utils_core.hpp(127): error C2065: 'U': undeclared identifier (compiling source file main.cpp)
D:\root\cygwin\toolchains\boost\boost/move/detail/meta_utils.hpp(349): error C2332: 'class': missing tag name (compiling source file frame.cpp)
D:\root\cygwin\toolchains\boost\boost/move/detail/meta_utils_core.hpp(127): error C2923: 'boost::move_detail::is_same': 'T' is not a valid template type argument for parameter 'T' (compiling source file main.cpp)
D:\root\cygwin\toolchains\boost\boost/move/detail/meta_utils.hpp(349): error C2993: '': illegal type for non-type template parameter '__formal' (compiling source file frame.cpp)
D:\root\cygwin\toolchains\boost\boost/move/detail/meta_utils_core.hpp(127): error C2923: 'boost::move_detail::is_same': 'U' is not a valid template type argument for parameter 'U' (compiling source file main.cpp)
D:\root\cygwin\toolchains\boost\boost/move/detail/meta_utils.hpp(349): error C2059: syntax error: 'string' (compiling source file frame.cpp)
D:\root\cygwin\toolchains\boost\boost/move/detail/meta_utils.hpp(351): error C2065: 'T': undeclared identifier (compiling source file frame.cpp)
D:\root\cygwin\toolchains\boost\boost/move/detail/meta_utils.hpp(351): error C2065: 'U': undeclared identifier (compiling source file frame.cpp)
D:\root\cygwin\toolchains\boost\boost/move/detail/meta_utils_core.hpp(127): error C3203: 'is_same': unspecialized class template can't be used as a template argument for template parameter 'Cond', expected a real type (compiling source file main.cpp)
D:\root\cygwin\toolchains\boost\boost/move/detail/meta_utils.hpp(351): error C2923: 'boost::move_detail::is_convertible': 'T' is not a valid template type argument for parameter 'T' (compiling source file frame.cpp)
D:\root\cygwin\toolchains\boost\boost/move/detail/meta_utils.hpp(351): error C2923: 'boost::move_detail::is_convertible': 'U' is not a valid template type argument for parameter 'U' (compiling source file frame.cpp)D:\root\cygwin\toolchains\boost\boost/move/detail/meta_utils_core.hpp(127): error C2974: 'boost::move_detail::disable_if': invalid template argument for 'T', type expected (compiling source file main.cpp)

D:\root\cygwin\toolchains\boost\boost/move/detail/meta_utils_core.hpp(82): note: see declaration of 'boost::move_detail::disable_if' (compiling source file main.cpp)
D:\root\cygwin\toolchains\boost\boost/move/detail/meta_utils.hpp(351): error C3203: 'is_convertible': unspecialized class template can't be used as a template argument for template parameter 'Cond', expected a real type (compiling source file frame.cpp)
D:\root\cygwin\toolchains\boost\boost/move/detail/meta_utils.hpp(351): error C2974: 'boost::move_detail::enable_if': invalid template argument for 'T', type expected (compiling source file frame.cpp)
D:\root\cygwin\toolchains\boost\boost/move/detail/meta_utils_core.hpp(68): note: see declaration of 'boost::move_detail::enable_if' (compiling source file frame.cpp)
D:\root\cygwin\toolchains\boost\boost/move/detail/meta_utils_core.hpp(127): error C2059: syntax error: 'function-style cast' (compiling source file main.cpp)
D:\root\cygwin\toolchains\boost\boost/move/detail/meta_utils.hpp(352): error C3203: 'is_convertible': unspecialized class template can't be used as a template argument for template parameter 'Cond', expected a real type (compiling source file frame.cpp)
D:\root\cygwin\toolchains\boost\boost/move/detail/meta_utils_core.hpp(127): error C2143: syntax error: missing ';' before '{' (compiling source file main.cpp)
D:\root\cygwin\toolchains\boost\boost/move/detail/meta_utils.hpp(352): error C2974: 'boost::move_detail::enable_if': invalid template argument for 'T', type expected (compiling source file frame.cpp)
D:\root\cygwin\toolchains\boost\boost/move/detail/meta_utils_core.hpp(127): error C2447: '{': missing function header (old-style formal list?) (compiling source file main.cpp)
D:\root\cygwin\toolchains\boost\boost/move/detail/meta_utils_core.hpp(68): note: see declaration of 'boost::move_detail::enable_if' (compiling source file frame.cpp)
D:\root\cygwin\toolchains\boost\boost/move/detail/meta_utils.hpp(349): error C2332: 'class': missing tag name (compiling source file main.cpp)
D:\root\cygwin\toolchains\boost\boost/move/detail/meta_utils.hpp(351): error C2059: syntax error: 'function-style cast' (compiling source file frame.cpp)
D:\root\cygwin\toolchains\boost\boost/move/detail/meta_utils.hpp(349): error C2993: '': illegal type for non-type template parameter '__formal' (compiling source file main.cpp)
D:\root\cygwin\toolchains\boost\boost/move/detail/meta_utils.hpp(352): error C2143: syntax error: missing ';' before '{' (compiling source file frame.cpp)
D:\root\cygwin\toolchains\boost\boost/move/detail/meta_utils.hpp(349): error C2059: syntax error: 'string' (compiling source file main.cpp)
D:\root\cygwin\toolchains\boost\boost/move/detail/meta_utils.hpp(352): error C2447: '{': missing function header (old-style formal list?) (compiling source file frame.cpp)
D:\root\cygwin\toolchains\boost\boost/move/detail/meta_utils.hpp(351): error C2065: 'T': undeclared identifier (compiling source file main.cpp)
D:\root\cygwin\toolchains\boost\boost/move/detail/meta_utils.hpp(354): error C2332: 'class': missing tag name (compiling source file frame.cpp)
D:\root\cygwin\toolchains\boost\boost/move/detail/meta_utils.hpp(351): error C2065: 'U': undeclared identifier (compiling source file main.cpp)
D:\root\cygwin\toolchains\boost\boost/move/detail/meta_utils.hpp(354): error C2993: '': illegal type for non-type template parameter '__formal' (compiling source file frame.cpp)
D:\root\cygwin\toolchains\boost\boost/move/detail/meta_utils.hpp(351): error C2923: 'boost::move_detail::is_convertible': 'T' is not a valid template type argument for parameter 'T' (compiling source file main.cpp)
D:\root\cygwin\toolchains\boost\boost/move/detail/meta_utils.hpp(354): error C2059: syntax error: 'string' (compiling source file frame.cpp)
D:\root\cygwin\toolchains\boost\boost/move/detail/meta_utils.hpp(351): error C2923: 'boost::move_detail::is_convertible': 'U' is not a valid template type argument for parameter 'U' (compiling source file main.cpp)
D:\root\cygwin\toolchains\boost\boost/move/detail/meta_utils.hpp(356): error C2065: 'T': undeclared identifier (compiling source file frame.cpp)
D:\root\cygwin\toolchains\boost\boost/move/detail/meta_utils.hpp(356): error C2065: 'U': undeclared identifier (compiling source file frame.cpp)
D:\root\cygwin\toolchains\boost\boost/move/detail/meta_utils.hpp(356): error C2923: 'boost::move_detail::is_convertible': 'T' is not a valid template type argument for parameter 'T' (compiling source file frame.cpp)
D:\root\cygwin\toolchains\boost\boost/move/detail/meta_utils.hpp(351): error C3203: 'is_convertible': unspecialized class template can't be used as a template argument for template parameter 'Cond', expected a real type (compiling source file main.cpp)
D:\root\cygwin\toolchains\boost\boost/move/detail/meta_utils.hpp(356): error C2923: 'boost::move_detail::is_convertible': 'U' is not a valid template type argument for parameter 'U' (compiling source file frame.cpp)
D:\root\cygwin\toolchains\boost\boost/move/detail/meta_utils.hpp(351): error C2974: 'boost::move_detail::enable_if': invalid template argument for 'T', type expected (compiling source file main.cpp)
D:\root\cygwin\toolchains\boost\boost/move/detail/meta_utils_core.hpp(68): note: see declaration of 'boost::move_detail::enable_if' (compiling source file main.cpp)
D:\root\cygwin\toolchains\boost\boost/move/detail/meta_utils.hpp(356): error C3203: 'is_convertible': unspecialized class template can't be used as a template argument for template parameter 'Cond', expected a real type (compiling source file frame.cpp)
D:\root\cygwin\toolchains\boost\boost/move/detail/meta_utils.hpp(352): error C3203: 'is_convertible': unspecialized class template can't be used as a template argument for template parameter 'Cond', expected a real type (compiling source file main.cpp)
D:\root\cygwin\toolchains\boost\boost/move/detail/meta_utils.hpp(356): error C2974: 'boost::move_detail::disable_if': invalid template argument for 'T', type expected (compiling source file frame.cpp)D:\root\cygwin\toolchains\boost\boost/move/detail/meta_utils.hpp(352): error C2974: 'boost::move_detail::enable_if': invalid template argument for 'T', type expected (compiling source file main.cpp)

D:\root\cygwin\toolchains\boost\boost/move/detail/meta_utils_core.hpp(82): note: see declaration of 'boost::move_detail::disable_if' (compiling source file frame.cpp)D:\root\cygwin\toolchains\boost\boost/move/detail/meta_utils_core.hpp(68): note: see declaration of 'boost::move_detail::enable_if' (compiling source file main.cpp)

D:\root\cygwin\toolchains\boost\boost/move/detail/meta_utils.hpp(357): error C3203: 'is_convertible': unspecialized class template can't be used as a template argument for template parameter 'Cond', expected a real type (compiling source file frame.cpp)
D:\root\cygwin\toolchains\boost\boost/move/detail/meta_utils.hpp(351): error C2059: syntax error: 'function-style cast' (compiling source file main.cpp)
D:\root\cygwin\toolchains\boost\boost/move/detail/meta_utils.hpp(357): error C2974: 'boost::move_detail::disable_if': invalid template argument for 'T', type expected (compiling source file frame.cpp)D:\root\cygwin\toolchains\boost\boost/move/detail/meta_utils.hpp(352): error C2143: syntax error: missing ';' before '{' (compiling source file main.cpp)

D:\root\cygwin\toolchains\boost\boost/move/detail/meta_utils_core.hpp(82): note: see declaration of 'boost::move_detail::disable_if' (compiling source file frame.cpp)D:\root\cygwin\toolchains\boost\boost/move/detail/meta_utils.hpp(352): error C2447: '{': missing function header (old-style formal list?) (compiling source file main.cpp)

D:\root\cygwin\toolchains\boost\boost/move/detail/meta_utils.hpp(356): error C2059: syntax error: 'function-style cast' (compiling source file frame.cpp)
D:\root\cygwin\toolchains\boost\boost/move/detail/meta_utils.hpp(354): error C2332: 'class': missing tag name (compiling source file main.cpp)
D:\root\cygwin\toolchains\boost\boost/move/detail/meta_utils.hpp(357): error C2143: syntax error: missing ';' before '{' (compiling source file frame.cpp)
D:\root\cygwin\toolchains\boost\boost/move/detail/meta_utils.hpp(354): error C2993: '': illegal type for non-type template parameter '__formal' (compiling source file main.cpp)
D:\root\cygwin\toolchains\boost\boost/move/detail/meta_utils.hpp(357): error C2447: '{': missing function header (old-style formal list?) (compiling source file frame.cpp)
D:\root\cygwin\toolchains\boost\boost/move/detail/meta_utils.hpp(354): error C2059: syntax error: 'string' (compiling source file main.cpp)
D:\root\cygwin\toolchains\boost\boost/move/detail/meta_utils.hpp(359): error C2332: 'class': missing tag name (compiling source file frame.cpp)
D:\root\cygwin\toolchains\boost\boost/move/detail/meta_utils.hpp(356): error C2065: 'T': undeclared identifier (compiling source file main.cpp)
D:\root\cygwin\toolchains\boost\boost/move/detail/meta_utils.hpp(359): error C2993: '': illegal type for non-type template parameter '__formal' (compiling source file frame.cpp)
D:\root\cygwin\toolchains\boost\boost/move/detail/meta_utils.hpp(356): error C2065: 'U': undeclared identifier (compiling source file main.cpp)
D:\root\cygwin\toolchains\boost\boost/move/detail/meta_utils.hpp(359): error C2059: syntax error: 'string' (compiling source file frame.cpp)
D:\root\cygwin\toolchains\boost\boost/move/detail/meta_utils.hpp(356): error C2923: 'boost::move_detail::is_convertible': 'T' is not a valid template type argument for parameter 'T' (compiling source file main.cpp)
D:\root\cygwin\toolchains\boost\boost/move/detail/meta_utils.hpp(361): error C2065: 'T': undeclared identifier (compiling source file frame.cpp)
D:\root\cygwin\toolchains\boost\boost/move/detail/meta_utils.hpp(356): error C2923: 'boost::move_detail::is_convertible': 'U' is not a valid template type argument for parameter 'U' (compiling source file main.cpp)
D:\root\cygwin\toolchains\boost\boost/move/detail/meta_utils.hpp(361): error C2065: 'U': undeclared identifier (compiling source file frame.cpp)
D:\root\cygwin\toolchains\boost\boost/move/detail/meta_utils.hpp(361): error C2923: 'boost::move_detail::is_same_or_convertible': 'T' is not a valid template type argument for parameter 'T' (compiling source file frame.cpp)
D:\root\cygwin\toolchains\boost\boost/move/detail/meta_utils.hpp(361): error C2923: 'boost::move_detail::is_same_or_convertible': 'U' is not a valid template type argument for parameter 'U' (compiling source file frame.cpp)
D:\root\cygwin\toolchains\boost\boost/move/detail/meta_utils.hpp(356): error C3203: 'is_convertible': unspecialized class template can't be used as a template argument for template parameter 'Cond', expected a real type (compiling source file main.cpp)
D:\root\cygwin\toolchains\boost\boost/move/detail/meta_utils.hpp(315): error C2955: 'boost::move_detail::is_same': use of class template requires template argument list (compiling source file frame.cpp)D:\root\cygwin\toolchains\boost\boost/move/detail/meta_utils.hpp(356): error C2974: 'boost::move_detail::disable_if': invalid template argument for 'T', type expected (compiling source file main.cpp)

D:\root\cygwin\toolchains\boost\boost/move/detail/meta_utils_core.hpp(107): note: see declaration of 'boost::move_detail::is_same' (compiling source file frame.cpp)D:\root\cygwin\toolchains\boost\boost/move/detail/meta_utils_core.hpp(82): note: see declaration of 'boost::move_detail::disable_if' (compiling source file main.cpp)

D:\root\cygwin\toolchains\boost\boost/move/detail/meta_utils.hpp(357): error C3203: 'is_convertible': unspecialized class template can't be used as a template argument for template parameter 'Cond', expected a real type (compiling source file main.cpp)
D:\root\cygwin\toolchains\boost\boost/move/detail/meta_utils.hpp(357): error C2974: 'boost::move_detail::disable_if': invalid template argument for 'T', type expected (compiling source file main.cpp)
D:\root\cygwin\toolchains\boost\boost/move/detail/meta_utils_core.hpp(82): note: see declaration of 'boost::move_detail::disable_if' (compiling source file main.cpp)
D:\root\cygwin\toolchains\boost\boost/move/detail/meta_utils.hpp(356): error C2059: syntax error: 'function-style cast' (compiling source file main.cpp)
D:\root\cygwin\toolchains\boost\boost/move/detail/meta_utils.hpp(357): error C2143: syntax error: missing ';' before '{' (compiling source file main.cpp)
D:\root\cygwin\toolchains\boost\boost/move/detail/meta_utils.hpp(357): error C2447: '{': missing function header (old-style formal list?) (compiling source file main.cpp)
D:\root\cygwin\toolchains\boost\boost/move/detail/meta_utils.hpp(361): error C3203: 'is_same_or_convertible': unspecialized class template can't be used as a template argument for template parameter 'Cond', expected a real type (compiling source file frame.cpp)
D:\root\cygwin\toolchains\boost\boost/move/detail/meta_utils.hpp(359): error C2332: 'class': missing tag name (compiling source file main.cpp)
D:\root\cygwin\toolchains\boost\boost/move/detail/meta_utils.hpp(361): fatal error C1003: error count exceeds 100; stopping compilation (compiling source file frame.cpp)
D:\root\cygwin\toolchains\boost\boost/move/detail/meta_utils.hpp(359): error C2993: '': illegal type for non-type template parameter '__formal' (compiling source file main.cpp)
D:\root\cygwin\toolchains\boost\boost/move/detail/meta_utils.hpp(359): error C2059: syntax error: 'string' (compiling source file main.cpp)
D:\root\cygwin\toolchains\boost\boost/move/detail/meta_utils.hpp(361): error C2065: 'T': undeclared identifier (compiling source file main.cpp)
D:\root\cygwin\toolchains\boost\boost/move/detail/meta_utils.hpp(361): error C2065: 'U': undeclared identifier (compiling source file main.cpp)
D:\root\cygwin\toolchains\boost\boost/move/detail/meta_utils.hpp(361): error C2923: 'boost::move_detail::is_same_or_convertible': 'T' is not a valid template type argument for parameter 'T' (compiling source file main.cpp)
D:\root\cygwin\toolchains\boost\boost/move/detail/meta_utils.hpp(361): error C2923: 'boost::move_detail::is_same_or_convertible': 'U' is not a valid template type argument for parameter 'U' (compiling source file main.cpp)
D:\root\cygwin\toolchains\boost\boost/move/detail/meta_utils.hpp(315): error C2955: 'boost::move_detail::is_same': use of class template requires template argument list (compiling source file main.cpp)
D:\root\cygwin\toolchains\boost\boost/move/detail/meta_utils_core.hpp(107): note: see declaration of 'boost::move_detail::is_same' (compiling source file main.cpp)
D:\root\cygwin\toolchains\boost\boost/move/detail/meta_utils.hpp(361): error C3203: 'is_same_or_convertible': unspecialized class template can't be used as a template argument for template parameter 'Cond', expected a real type (compiling source file main.cpp)
D:\root\cygwin\toolchains\boost\boost/move/detail/meta_utils.hpp(361): fatal error C1003: error count exceeds 100; stopping compilation (compiling source file main.cpp)
tritem.cpp
tritemdata.cpp
